0 info it worked if it ends with ok
1 verbose cli [ 'C:\\Program Files\\nodejs\\\\node.exe',
1 verbose cli   'C:\\Program Files\\nodejs\\node_modules\\npm\\bin\\npm-cli.js',
1 verbose cli   'install',
1 verbose cli   'anqular',
1 verbose cli   '--save' ]
2 info using npm@1.4.28
3 info using node@v0.10.36
4 verbose node symlink C:\Program Files\nodejs\\node.exe
5 verbose readDependencies using package.json deps
6 verbose cache add [ 'anqular', null ]
7 verbose cache add name=undefined spec="anqular" args=["anqular",null]
8 verbose parsed url { protocol: null,
8 verbose parsed url   slashes: null,
8 verbose parsed url   auth: null,
8 verbose parsed url   host: null,
8 verbose parsed url   port: null,
8 verbose parsed url   hostname: null,
8 verbose parsed url   hash: null,
8 verbose parsed url   search: null,
8 verbose parsed url   query: null,
8 verbose parsed url   pathname: 'anqular',
8 verbose parsed url   path: 'anqular',
8 verbose parsed url   href: 'anqular' }
9 silly lockFile 4805957b-anqular anqular
10 verbose lock anqular C:\Users\brent\AppData\Roaming\npm-cache\4805957b-anqular.lock
11 silly lockFile 4805957b-anqular anqular
12 silly lockFile 4805957b-anqular anqular
13 verbose addNamed [ 'anqular', '' ]
14 verbose addNamed [ null, '*' ]
15 silly lockFile 5ab9e9c2-anqular anqular@
16 verbose lock anqular@ C:\Users\brent\AppData\Roaming\npm-cache\5ab9e9c2-anqular.lock
17 silly addNameRange { name: 'anqular', range: '*', hasData: false }
18 verbose request where is /anqular
19 verbose request registry https://registry.npmjs.org/
20 verbose request id 4f7feff61e3b66d3
21 verbose url raw /anqular
22 verbose url resolving [ 'https://registry.npmjs.org/', './anqular' ]
23 verbose url resolved https://registry.npmjs.org/anqular
24 verbose request where is https://registry.npmjs.org/anqular
25 info trying registry request attempt 1 at 23:27:24
26 http GET https://registry.npmjs.org/anqular
27 http 404 https://registry.npmjs.org/anqular
28 verbose headers { date: 'Sat, 07 Feb 2015 06:27:19 GMT',
28 verbose headers   server: 'CouchDB/1.6.1 (Erlang OTP/R14B04)',
28 verbose headers   'content-type': 'application/json',
28 verbose headers   'cache-control': 'max-age=0',
28 verbose headers   'content-length': '52',
28 verbose headers   'accept-ranges': 'bytes',
28 verbose headers   via: '1.1 varnish',
28 verbose headers   age: '0',
28 verbose headers   'x-served-by': 'cache-lax1428-LAX',
28 verbose headers   'x-cache': 'MISS',
28 verbose headers   'x-cache-hits': '0',
28 verbose headers   'x-timer': 'S1423290439.044026,VS0,VE83',
28 verbose headers   'keep-alive': 'timeout=10, max=50',
28 verbose headers   connection: 'Keep-Alive' }
29 silly registry.get cb [ 404,
29 silly registry.get   { date: 'Sat, 07 Feb 2015 06:27:19 GMT',
29 silly registry.get     server: 'CouchDB/1.6.1 (Erlang OTP/R14B04)',
29 silly registry.get     'content-type': 'application/json',
29 silly registry.get     'cache-control': 'max-age=0',
29 silly registry.get     'content-length': '52',
29 silly registry.get     'accept-ranges': 'bytes',
29 silly registry.get     via: '1.1 varnish',
29 silly registry.get     age: '0',
29 silly registry.get     'x-served-by': 'cache-lax1428-LAX',
29 silly registry.get     'x-cache': 'MISS',
29 silly registry.get     'x-cache-hits': '0',
29 silly registry.get     'x-timer': 'S1423290439.044026,VS0,VE83',
29 silly registry.get     'keep-alive': 'timeout=10, max=50',
29 silly registry.get     connection: 'Keep-Alive' } ]
30 silly lockFile 5ab9e9c2-anqular anqular@
31 silly lockFile 5ab9e9c2-anqular anqular@
32 error 404 404 Not Found: anqular
32 error 404
32 error 404 'anqular' is not in the npm registry.
32 error 404 You should bug the author to publish it
32 error 404 It was specified as a dependency of 'application-name'
32 error 404
32 error 404 Note that you can also install from a
32 error 404 tarball, folder, or http url, or git url.
33 error System Windows_NT 6.2.9200
34 error command "C:\\Program Files\\nodejs\\\\node.exe" "C:\\Program Files\\nodejs\\node_modules\\npm\\bin\\npm-cli.js" "install" "anqular" "--save"
35 error cwd C:\Users\brent\Documents\char
36 error node -v v0.10.36
37 error npm -v 1.4.28
38 error code E404
39 verbose exit [ 1, true ]
